[23:20:43] [ServerMain/INFO]: Environment: authHost='https://authserver.mojang.com', accountsHost='https://api.mojang.com', sessionHost='https://sessionserver.mojang.com', servicesHost='https://api.minecraftservices.com', name='PROD'
[23:20:43] [ServerMain/INFO]: Found new data pack file/bukkit, loading it automatically
[23:20:43] [ServerMain/INFO]: Reloading ResourceManager: Default, bukkit
[23:20:44] [Worker-Main-2/INFO]: Loaded 7 recipes
[23:20:46] [Server thread/INFO]: Starting minecraft server version 1.18.1
[23:20:46] [Server thread/INFO]: Loading properties
[23:20:46] [Server thread/INFO]: This server is running Purpur version git-Purpur-1561 (MC: 1.18.1) (Implementing API version 1.18.1-R0.1-SNAPSHOT) (Git: d0ea018 on HEAD)
[23:20:46] [Server thread/INFO]: Using 4 threads for Netty based IO
[23:20:46] [Server thread/INFO]: Server Ping Player Sample Count: 12
[23:20:46] [Server thread/WARN]: [Pufferfish] To improve performance, timings have been disabled by default
[23:20:46] [Server thread/WARN]: [Pufferfish] You can still use timings by using /timings on, but they will not start on server startup unless you set timings.really-enabled to true in paper.yml
[23:20:46] [Server thread/WARN]: [Pufferfish] If you would like to disable this message, either set timings.really-enabled to true or timings.enabled to false.
[23:20:46] [Server thread/WARN]: [Pufferfish] SIMD operations are available for your server, but are not configured!
[23:20:46] [Server thread/WARN]: [Pufferfish] To enable additional optimizations, add "--add-modules=jdk.incubator.vector" to your startup flags, BEFORE the "-jar".
[23:20:46] [Server thread/INFO]: Default game type: SURVIVAL
[23:20:46] [Server thread/INFO]: Generating keypair
[23:20:46] [Server thread/INFO]: Starting Minecraft server on localhost:25585
[23:20:46] [Server thread/INFO]: Using default channel type
[23:20:46] [Server thread/INFO]: Paper: Using Java 11 compression from Velocity.
[23:20:46] [Server thread/INFO]: Paper: Using Java cipher from Velocity.
[23:20:46] [Server thread/INFO]: Server permissions file permissions.yml is empty, ignoring it
[23:20:46] [Server thread/WARN]: **** SERVER IS RUNNING IN OFFLINE/INSECURE MODE!
[23:20:46] [Server thread/WARN]: The server will make no attempt to authenticate usernames. Beware.
[23:20:46] [Server thread/WARN]: While this makes the game possible to play without internet access, it also opens up the ability for hackers to connect with any username they choose.
[23:20:46] [Server thread/WARN]: You will not be offered any support as long as the server allows offline-mode players to join.
[23:20:46] [Server thread/WARN]: To change this, set "online-mode" to "true" in the server.properties file.
[23:20:46] [Server thread/INFO]: Preparing level "world"
[23:20:54] [Server thread/INFO]: Preparing start region for dimension minecraft:overworld
[23:20:55] [Server thread/INFO]: Preparing spawn area: 0%
[23:20:55] [Server thread/INFO]: Preparing spawn area: 0%
[23:20:55] [Server thread/INFO]: Time elapsed: 741 ms
[23:20:55] [Server thread/INFO]: Preparing start region for dimension minecraft:the_nether
[23:20:55] [Worker-Main-3/INFO]: Preparing spawn area: 0%
[23:20:55] [Worker-Main-3/INFO]: Preparing spawn area: 0%
[23:20:56] [Worker-Main-2/INFO]: Preparing spawn area: 0%
[23:20:56] [Server thread/INFO]: Time elapsed: 1371 ms
[23:20:56] [Server thread/INFO]: Preparing start region for dimension minecraft:the_end
[23:20:56] [Server thread/INFO]: Time elapsed: 212 ms
[23:20:57] [Server thread/INFO]: Running delayed init tasks
[23:20:57] [Server thread/INFO]: Done (11.862s)! For help, type "help"
[23:20:57] [Server thread/INFO]: Timings Reset
[23:23:13] [User Authenticator #1/INFO]: UUID of player RoZeroZero is 5eafb27a-c2e5-3e46-ac80-f568c62053b2
[23:23:13] [Server thread/INFO]: RoZeroZero joined the game
[23:23:13] [Server thread/INFO]: RoZeroZero[/88.204.51.112:59078] logged in with entity id 324 at ([world]20.5, 64.0, -57.5)
[23:23:32] [Server thread/INFO]: RoZeroZero lost connection: Disconnected
[23:23:32] [Server thread/INFO]: RoZeroZero left the game
[23:23:47] [User Authenticator #1/INFO]: UUID of player RoZeroZero is 5eafb27a-c2e5-3e46-ac80-f568c62053b2
[23:23:47] [Server thread/INFO]: RoZeroZero joined the game
[23:23:48] [Server thread/INFO]: RoZeroZero[/88.204.51.112:59082] logged in with entity id 465 at ([world]19.260827287348597, 65.0, -58.098592326831934)
[23:26:18] [Server thread/INFO]: RoZeroZero lost connection: Disconnected
[23:26:18] [Server thread/INFO]: RoZeroZero left the game
[23:27:04] [User Authenticator #2/INFO]: UUID of player RoZeroZero is 5eafb27a-c2e5-3e46-ac80-f568c62053b2
[23:27:04] [Server thread/INFO]: RoZeroZero joined the game
[23:27:04] [Server thread/INFO]: RoZeroZero[/88.204.51.112:59120] logged in with entity id 1109 at ([world]-18.48298302159604, 71.0, -204.91304861711183)
[23:27:08] [Server thread/INFO]: RoZeroZero lost connection: Disconnected
[23:27:08] [Server thread/INFO]: RoZeroZero left the game
[23:27:30] [User Authenticator #2/INFO]: UUID of player RoZeroZero is 5eafb27a-c2e5-3e46-ac80-f568c62053b2
[23:27:30] [Server thread/INFO]: RoZeroZero joined the game
[23:27:30] [Server thread/INFO]: RoZeroZero[/88.204.51.112:59129] logged in with entity id 1245 at ([world]-22.385437881909287, 71.0, -208.82929186024523)
[23:27:46] [Server thread/INFO]: RoZeroZero lost connection: Disconnected
[23:27:46] [Server thread/INFO]: RoZeroZero left the game
